{"/home/admin1/Desktop/Client-Related/test-project/src/app/app.component.html": {"path":"/home/admin1/Desktop/Client-Related/test-project/src/app/app.component.html","statementMap":{"0":{"start":{"line":1,"column":0},"end":{"line":1,"column":48}}},"fnMap":{},"branchMap":{},"s":{"0":1},"f":{},"b":{},"_coverageSchema":"1a1c01bbd47fc00a2c39e90264f33305004495a9","hash":"d9eae475eace8c2b5a10bab6bd4da5d4ae899813"}
,"/home/admin1/Desktop/Client-Related/test-project/src/app/app.component.ts": {"path":"/home/admin1/Desktop/Client-Related/test-project/src/app/app.component.ts","statementMap":{"0":{"start":{"line":1,"column":0},"end":{"line":1,"column":42}},"1":{"start":{"line":9,"column":2},"end":{"line":9,"column":25}},"2":{"start":{"line":8,"column":13},"end":{"line":8,"column":null}},"3":{"start":{"line":8,"column":13},"end":{"line":8,"column":25}}},"fnMap":{},"branchMap":{},"s":{"0":1,"1":2,"2":1,"3":1},"f":{},"b":{}}
,"/home/admin1/Desktop/Client-Related/test-project/src/app/services/app.service.ts": {"path":"/home/admin1/Desktop/Client-Related/test-project/src/app/services/app.service.ts","statementMap":{"0":{"start":{"line":1,"column":0},"end":{"line":1,"column":43}},"1":{"start":{"line":8,"column":2},"end":{"line":39,"column":null}},"2":{"start":{"line":43,"column":4},"end":{"line":43,"column":37}},"3":{"start":{"line":47,"column":4},"end":{"line":47,"column":37}},"4":{"start":{"line":51,"column":4},"end":{"line":51,"column":25}},"5":{"start":{"line":6,"column":13},"end":{"line":6,"column":null}},"6":{"start":{"line":6,"column":13},"end":{"line":6,"column":23}}},"fnMap":{"0":{"name":"(anonymous_0)","decl":{"start":{"line":40,"column":2},"end":{"line":40,"column":18}},"loc":{"start":{"line":40,"column":2},"end":{"line":40,"column":19}}},"1":{"name":"(anonymous_1)","decl":{"start":{"line":42,"column":2},"end":{"line":42,"column":9}},"loc":{"start":{"line":42,"column":33},"end":{"line":44,"column":3}}},"2":{"name":"(anonymous_2)","decl":{"start":{"line":46,"column":2},"end":{"line":46,"column":9}},"loc":{"start":{"line":46,"column":21},"end":{"line":48,"column":3}}},"3":{"name":"(anonymous_3)","decl":{"start":{"line":50,"column":2},"end":{"line":50,"column":10}},"loc":{"start":{"line":50,"column":10},"end":{"line":52,"column":3}}}},"branchMap":{},"s":{"0":1,"1":1,"2":0,"3":0,"4":0,"5":1,"6":1},"f":{"0":1,"1":0,"2":0,"3":0},"b":{}}
}
